<?xml version="1.0" encoding="UTF-8"?>
<!-- Generated by org.testng.reporters.JUnitXMLReporter -->
<testsuite ignored="0" hostname="ShimaaMM" failures="0" tests="12" name="Surefire test" time="54.375" errors="0" timestamp="2022-05-15T16:17:59 AST">
  <testcase classname="udacity.project2.AppTest" name="registerTest" time="2.737"/>
  <testcase classname="udacity.project2.AppTest" name="passwordResetTest" time="3.086"/>
  <testcase classname="udacity.project2.AppTest" name="loginTest" time="5.156"/>
  <testcase classname="udacity.project2.AppTest" name="searchTest" time="0.889"/>
  <testcase classname="udacity.project2.AppTest" name="changeCurrencyTest" time="3.258"/>
  <testcase classname="udacity.project2.AppTest" name="selectCategoryTest" time="0.931"/>
  <testcase classname="udacity.project2.AppTest" name="filterByColorTest" time="1.106"/>
  <testcase classname="udacity.project2.AppTest" name="selectTagsTest" time="3.743"/>
  <testcase classname="udacity.project2.AppTest" name="addToCartTest" time="1.237"/>
  <testcase classname="udacity.project2.AppTest" name="addToWishlistTest" time="1.242"/>
  <testcase classname="udacity.project2.AppTest" name="addToCompairListTest" time="3.24"/>
  <testcase classname="udacity.project2.AppTest" name="placeAnOrderTest" time="18.716"/>
</testsuite> <!-- Surefire test -->
