<?xml version="1.0" encoding="UTF-8"?>
<testng-results skipped="0" failed="0" ignored="0" total="0" passed="0">
  <reporter-output>
  </reporter-output>
  <suite name="runners.TestRunner" duration-ms="8" started-at="2022-06-01T20:10:56 AST" finished-at="2022-06-01T20:10:56 AST">
    <groups>
    </groups>
    <test name="Command line test" duration-ms="8" started-at="2022-06-01T20:10:56 AST" finished-at="2022-06-01T20:10:56 AST">
    </test> <!-- Command line test -->
  </suite> <!-- runners.TestRunner -->
</testng-results>
