<?xml version="1.0" encoding="UTF-8"?>
<testng-results ignored="0" total="12" passed="12" failed="0" skipped="0">
  <reporter-output>
  </reporter-output>
  <suite started-at="2022-05-15T16:17:04 AST" name="Surefire suite" finished-at="2022-05-15T16:17:59 AST" duration-ms="54375">
    <groups>
    </groups>
    <test started-at="2022-05-15T16:17:04 AST" name="Surefire test" finished-at="2022-05-15T16:17:59 AST" duration-ms="54375">
      <class name="udacity.project2.AppTest">
        <test-method is-config="true" signature="setupDrivers()[pri:0, instance:udacity.project2.AppTest@1fa121e2]" started-at="2022-05-15T16:17:05 AST" name="setupDrivers" finished-at="2022-05-15T16:17:13 AST" duration-ms="8441" status="PASS">
          <reporter-output>
          </reporter-output>
        </test-method> <!-- setupDrivers -->
        <test-method signature="registerTest()[pri:0, instance:udacity.project2.AppTest@1fa121e2]" started-at="2022-05-15T16:17:13 AST" name="registerTest" finished-at="2022-05-15T16:17:16 AST" duration-ms="2737" status="PASS">
          <reporter-output>
          </reporter-output>
        </test-method> <!-- registerTest -->
        <test-method signature="passwordResetTest()[pri:0, instance:udacity.project2.AppTest@1fa121e2]" started-at="2022-05-15T16:17:16 AST" name="passwordResetTest" finished-at="2022-05-15T16:17:19 AST" depends-on-methods="udacity.project2.AppTest.registerTest" duration-ms="3086" status="PASS">
          <reporter-output>
          </reporter-output>
        </test-method> <!-- passwordResetTest -->
        <test-method signature="loginTest()[pri:0, instance:udacity.project2.AppTest@1fa121e2]" started-at="2022-05-15T16:17:19 AST" name="loginTest" finished-at="2022-05-15T16:17:24 AST" depends-on-methods="udacity.project2.AppTest.passwordResetTest" duration-ms="5156" status="PASS">
          <reporter-output>
          </reporter-output>
        </test-method> <!-- loginTest -->
        <test-method signature="searchTest()[pri:0, instance:udacity.project2.AppTest@1fa121e2]" started-at="2022-05-15T16:17:24 AST" name="searchTest" finished-at="2022-05-15T16:17:25 AST" depends-on-methods="udacity.project2.AppTest.loginTest" duration-ms="889" status="PASS">
          <reporter-output>
          </reporter-output>
        </test-method> <!-- searchTest -->
        <test-method signature="changeCurrencyTest()[pri:0, instance:udacity.project2.AppTest@1fa121e2]" started-at="2022-05-15T16:17:25 AST" name="changeCurrencyTest" finished-at="2022-05-15T16:17:28 AST" depends-on-methods="udacity.project2.AppTest.searchTest" duration-ms="3258" status="PASS">
          <reporter-output>
          </reporter-output>
        </test-method> <!-- changeCurrencyTest -->
        <test-method signature="selectCategoryTest()[pri:0, instance:udacity.project2.AppTest@1fa121e2]" started-at="2022-05-15T16:17:28 AST" name="selectCategoryTest" finished-at="2022-05-15T16:17:29 AST" depends-on-methods="udacity.project2.AppTest.changeCurrencyTest" duration-ms="931" status="PASS">
          <reporter-output>
          </reporter-output>
        </test-method> <!-- selectCategoryTest -->
        <test-method signature="filterByColorTest()[pri:0, instance:udacity.project2.AppTest@1fa121e2]" started-at="2022-05-15T16:17:29 AST" name="filterByColorTest" finished-at="2022-05-15T16:17:30 AST" depends-on-methods="udacity.project2.AppTest.selectCategoryTest" duration-ms="1106" status="PASS">
          <reporter-output>
          </reporter-output>
        </test-method> <!-- filterByColorTest -->
        <test-method signature="selectTagsTest()[pri:0, instance:udacity.project2.AppTest@1fa121e2]" started-at="2022-05-15T16:17:30 AST" name="selectTagsTest" finished-at="2022-05-15T16:17:34 AST" depends-on-methods="udacity.project2.AppTest.filterByColorTest" duration-ms="3743" status="PASS">
          <reporter-output>
          </reporter-output>
        </test-method> <!-- selectTagsTest -->
        <test-method signature="addToCartTest()[pri:0, instance:udacity.project2.AppTest@1fa121e2]" started-at="2022-05-15T16:17:34 AST" name="addToCartTest" finished-at="2022-05-15T16:17:35 AST" depends-on-methods="udacity.project2.AppTest.selectTagsTest" duration-ms="1237" status="PASS">
          <reporter-output>
          </reporter-output>
        </test-method> <!-- addToCartTest -->
        <test-method signature="addToWishlistTest()[pri:0, instance:udacity.project2.AppTest@1fa121e2]" started-at="2022-05-15T16:17:35 AST" name="addToWishlistTest" finished-at="2022-05-15T16:17:36 AST" depends-on-methods="udacity.project2.AppTest.addToCartTest" duration-ms="1242" status="PASS">
          <reporter-output>
          </reporter-output>
        </test-method> <!-- addToWishlistTest -->
        <test-method signature="addToCompairListTest()[pri:0, instance:udacity.project2.AppTest@1fa121e2]" started-at="2022-05-15T16:17:36 AST" name="addToCompairListTest" finished-at="2022-05-15T16:17:40 AST" depends-on-methods="udacity.project2.AppTest.addToWishlistTest" duration-ms="3240" status="PASS">
          <reporter-output>
          </reporter-output>
        </test-method> <!-- addToCompairListTest -->
        <test-method signature="placeAnOrderTest()[pri:0, instance:udacity.project2.AppTest@1fa121e2]" started-at="2022-05-15T16:17:40 AST" name="placeAnOrderTest" finished-at="2022-05-15T16:17:58 AST" depends-on-methods="udacity.project2.AppTest.addToCompairListTest" duration-ms="18716" status="PASS">
          <reporter-output>
          </reporter-output>
        </test-method> <!-- placeAnOrderTest -->
        <test-method is-config="true" signature="afterTests()[pri:0, instance:udacity.project2.AppTest@1fa121e2]" started-at="2022-05-15T16:17:58 AST" name="afterTests" finished-at="2022-05-15T16:17:59 AST" duration-ms="505" status="PASS">
          <reporter-output>
          </reporter-output>
        </test-method> <!-- afterTests -->
      </class> <!-- udacity.project2.AppTest -->
    </test> <!-- Surefire test -->
  </suite> <!-- Surefire suite -->
</testng-results>
